[15:00:08] [Server thread/INFO]: Starting minecraft server version 1.12.2
[15:00:08] [Server thread/INFO]: Loading properties
[15:00:08] [Server thread/WARN]: server.properties does not exist
[15:00:08] [Server thread/INFO]: Generating new properties file
[15:00:08] [Server thread/INFO]: Default game type: SURVIVAL
[15:00:08] [Server thread/INFO]: Generating keypair
[15:00:08] [Server thread/INFO]: Starting Minecraft server on *:25565
[15:00:08] [Server thread/INFO]: Using default channel type
[15:00:10] [Server thread/INFO]: Preparing level "world"
[15:00:10] [Server thread/INFO]: Loaded 488 advancements
[15:00:11] [Server thread/INFO]: Preparing start region for level 0
[15:00:12] [Server thread/INFO]: Preparing spawn area: 8%
[15:00:13] [Server thread/INFO]: Preparing spawn area: 16%
[15:00:14] [Server thread/INFO]: Preparing spawn area: 24%
[15:00:15] [Server thread/INFO]: Preparing spawn area: 32%
[15:00:16] [Server thread/INFO]: Preparing spawn area: 39%
[15:00:17] [Server thread/INFO]: Preparing spawn area: 47%
[15:00:18] [Server thread/INFO]: Preparing spawn area: 55%
[15:00:19] [Server thread/INFO]: Preparing spawn area: 68%
[15:00:20] [Server thread/INFO]: Preparing spawn area: 84%
[15:00:21] [Server thread/INFO]: Preparing spawn area: 96%
[15:00:21] [Server thread/INFO]: Done (11.455s)! For help, type "help" or "?"
